mode: atomic
github.com/thewholedonuts-beep/wholedonuts-universe/cmd/analytics-dashboard/main.go:47.50,52.2 1 0
github.com/thewholedonuts-beep/wholedonuts-universe/cmd/analytics-dashboard/main.go:54.73,60.2 5 0
github.com/thewholedonuts-beep/wholedonuts-universe/cmd/analytics-dashboard/main.go:62.73,69.2 6 0
github.com/thewholedonuts-beep/wholedonuts-universe/cmd/analytics-dashboard/main.go:71.56,81.42 8 0
github.com/thewholedonuts-beep/wholedonuts-universe/cmd/analytics-dashboard/main.go:81.42,82.32 1 0
github.com/thewholedonuts-beep/wholedonuts-universe/cmd/analytics-dashboard/main.go:82.32,84.4 1 0
github.com/thewholedonuts-beep/wholedonuts-universe/cmd/analytics-dashboard/main.go:84.9,86.4 1 0
github.com/thewholedonuts-beep/wholedonuts-universe/cmd/analytics-dashboard/main.go:89.2,89.42 1 0
github.com/thewholedonuts-beep/wholedonuts-universe/cmd/analytics-dashboard/main.go:89.42,91.3 1 0
github.com/thewholedonuts-beep/wholedonuts-universe/cmd/analytics-dashboard/main.go:93.2,94.22 2 0
github.com/thewholedonuts-beep/wholedonuts-universe/cmd/analytics-dashboard/main.go:94.22,96.3 1 0
github.com/thewholedonuts-beep/wholedonuts-universe/cmd/analytics-dashboard/main.go:98.2,99.37 2 0
github.com/thewholedonuts-beep/wholedonuts-universe/cmd/analytics-dashboard/main.go:99.37,101.3 1 0
github.com/thewholedonuts-beep/wholedonuts-universe/cmd/analytics-dashboard/main.go:103.2,111.3 1 0
github.com/thewholedonuts-beep/wholedonuts-universe/cmd/analytics-dashboard/main.go:114.48,136.42 17 0
github.com/thewholedonuts-beep/wholedonuts-universe/cmd/analytics-dashboard/main.go:136.42,142.3 5 0
github.com/thewholedonuts-beep/wholedonuts-universe/cmd/analytics-dashboard/main.go:144.2,148.42 4 0
github.com/thewholedonuts-beep/wholedonuts-universe/cmd/analytics-dashboard/main.go:148.42,155.3 6 0
github.com/thewholedonuts-beep/wholedonuts-universe/cmd/analytics-dashboard/main.go:157.2,157.52 1 0
github.com/thewholedonuts-beep/wholedonuts-universe/cmd/analytics-dashboard/main.go:160.13,168.18 4 0
github.com/thewholedonuts-beep/wholedonuts-universe/cmd/analytics-dashboard/main.go:169.19,170.29 1 0
github.com/thewholedonuts-beep/wholedonuts-universe/cmd/analytics-dashboard/main.go:172.23,178.59 6 0
github.com/thewholedonuts-beep/wholedonuts-universe/cmd/analytics-dashboard/main.go:180.22,182.40 2 0
github.com/thewholedonuts-beep/wholedonuts-universe/cmd/analytics-dashboard/main.go:182.40,185.4 2 0
github.com/thewholedonuts-beep/wholedonuts-universe/cmd/analytics-dashboard/main.go:185.9,188.4 2 0
github.com/thewholedonuts-beep/wholedonuts-universe/cmd/analytics-dashboard/main.go:190.10,191.15 1 0
github.com/thewholedonuts-beep/wholedonuts-universe/cmd/funnel-cli/main.go:13.13,25.39 3 0
github.com/thewholedonuts-beep/wholedonuts-universe/cmd/funnel-cli/main.go:25.39,27.3 1 0
github.com/thewholedonuts-beep/wholedonuts-universe/cmd/funnel-cli/main.go:29.2,32.18 3 0
github.com/thewholedonuts-beep/wholedonuts-universe/cmd/funnel-cli/main.go:33.20,34.20 1 0
github.com/thewholedonuts-beep/wholedonuts-universe/cmd/funnel-cli/main.go:34.20,36.4 1 0
github.com/thewholedonuts-beep/wholedonuts-universe/cmd/funnel-cli/main.go:37.3,38.22 2 0
github.com/thewholedonuts-beep/wholedonuts-universe/cmd/funnel-cli/main.go:38.22,40.4 1 0
github.com/thewholedonuts-beep/wholedonuts-universe/cmd/funnel-cli/main.go:41.3,42.17 2 0
github.com/thewholedonuts-beep/wholedonuts-universe/cmd/funnel-cli/main.go:42.17,44.4 1 0
github.com/thewholedonuts-beep/wholedonuts-universe/cmd/funnel-cli/main.go:45.3,47.49 3 0
github.com/thewholedonuts-beep/wholedonuts-universe/cmd/funnel-cli/main.go:49.23,50.80 1 0
github.com/thewholedonuts-beep/wholedonuts-universe/cmd/funnel-cli/main.go:50.80,52.4 1 0
github.com/thewholedonuts-beep/wholedonuts-universe/cmd/funnel-cli/main.go:53.3,54.61 2 0
github.com/thewholedonuts-beep/wholedonuts-universe/cmd/funnel-cli/main.go:54.61,56.4 1 0
github.com/thewholedonuts-beep/wholedonuts-universe/cmd/funnel-cli/main.go:57.3,62.17 3 0
github.com/thewholedonuts-beep/wholedonuts-universe/cmd/funnel-cli/main.go:62.17,64.4 1 0
github.com/thewholedonuts-beep/wholedonuts-universe/cmd/funnel-cli/main.go:65.3,68.64 4 0
github.com/thewholedonuts-beep/wholedonuts-universe/cmd/funnel-cli/main.go:70.22,72.24 2 0
github.com/thewholedonuts-beep/wholedonuts-universe/cmd/funnel-cli/main.go:72.24,75.4 2 0
github.com/thewholedonuts-beep/wholedonuts-universe/cmd/funnel-cli/main.go:76.3,77.29 2 0
github.com/thewholedonuts-beep/wholedonuts-universe/cmd/funnel-cli/main.go:77.29,82.4 4 0
github.com/thewholedonuts-beep/wholedonuts-universe/cmd/funnel-cli/main.go:84.22,86.24 2 0
github.com/thewholedonuts-beep/wholedonuts-universe/cmd/funnel-cli/main.go:86.24,89.4 2 0
github.com/thewholedonuts-beep/wholedonuts-universe/cmd/funnel-cli/main.go:90.3,91.29 2 0
github.com/thewholedonuts-beep/wholedonuts-universe/cmd/funnel-cli/main.go:91.29,97.4 5 0
github.com/thewholedonuts-beep/wholedonuts-universe/cmd/funnel-cli/main.go:99.18,100.22 1 0
github.com/thewholedonuts-beep/wholedonuts-universe/cmd/funnel-cli/main.go:100.22,102.4 1 0
github.com/thewholedonuts-beep/wholedonuts-universe/cmd/funnel-cli/main.go:103.3,104.17 2 0
github.com/thewholedonuts-beep/wholedonuts-universe/cmd/funnel-cli/main.go:104.17,106.4 1 0
github.com/thewholedonuts-beep/wholedonuts-universe/cmd/funnel-cli/main.go:108.20,109.22 1 0
github.com/thewholedonuts-beep/wholedonuts-universe/cmd/funnel-cli/main.go:109.22,111.4 1 0
github.com/thewholedonuts-beep/wholedonuts-universe/cmd/funnel-cli/main.go:112.3,113.17 2 0
github.com/thewholedonuts-beep/wholedonuts-universe/cmd/funnel-cli/main.go:113.17,115.4 1 0
github.com/thewholedonuts-beep/wholedonuts-universe/cmd/funnel-cli/main.go:117.10,118.15 1 0
github.com/thewholedonuts-beep/wholedonuts-universe/cmd/funnel-cli/main.go:122.46,125.40 3 0
github.com/thewholedonuts-beep/wholedonuts-universe/cmd/funnel-cli/main.go:125.40,126.23 1 0
github.com/thewholedonuts-beep/wholedonuts-universe/cmd/funnel-cli/main.go:126.23,129.9 3 0
github.com/thewholedonuts-beep/wholedonuts-universe/cmd/funnel-cli/main.go:132.2,132.29 1 0
github.com/thewholedonuts-beep/wholedonuts-universe/cmd/funnel-cli/main.go:132.29,134.3 1 0
github.com/thewholedonuts-beep/wholedonuts-universe/cmd/funnel-cli/main.go:135.2,135.14 1 0
github.com/thewholedonuts-beep/wholedonuts-universe/cmd/funnel-cli/main.go:138.38,140.2 1 0
github.com/thewholedonuts-beep/wholedonuts-universe/cmd/funnel-deploy/main.go:30.13,39.39 3 0
github.com/thewholedonuts-beep/wholedonuts-universe/cmd/funnel-deploy/main.go:39.39,41.3 1 0
github.com/thewholedonuts-beep/wholedonuts-universe/cmd/funnel-deploy/main.go:43.2,46.17 3 0
github.com/thewholedonuts-beep/wholedonuts-universe/cmd/funnel-deploy/main.go:47.18,48.53 1 0
github.com/thewholedonuts-beep/wholedonuts-universe/cmd/funnel-deploy/main.go:48.53,50.4 1 0
github.com/thewholedonuts-beep/wholedonuts-universe/cmd/funnel-deploy/main.go:51.3,51.44 1 0
github.com/thewholedonuts-beep/wholedonuts-universe/cmd/funnel-deploy/main.go:53.16,54.66 1 0
github.com/thewholedonuts-beep/wholedonuts-universe/cmd/funnel-deploy/main.go:54.66,56.4 1 0
github.com/thewholedonuts-beep/wholedonuts-universe/cmd/funnel-deploy/main.go:57.3,57.41 1 0
github.com/thewholedonuts-beep/wholedonuts-universe/cmd/funnel-deploy/main.go:59.14,60.28 1 0
github.com/thewholedonuts-beep/wholedonuts-universe/cmd/funnel-deploy/main.go:62.10,63.15 1 0
github.com/thewholedonuts-beep/wholedonuts-universe/cmd/funnel-deploy/main.go:67.46,69.16 2 0
github.com/thewholedonuts-beep/wholedonuts-universe/cmd/funnel-deploy/main.go:69.16,71.3 1 0
github.com/thewholedonuts-beep/wholedonuts-universe/cmd/funnel-deploy/main.go:73.2,74.54 2 0
github.com/thewholedonuts-beep/wholedonuts-universe/cmd/funnel-deploy/main.go:74.54,76.3 1 0
github.com/thewholedonuts-beep/wholedonuts-universe/cmd/funnel-deploy/main.go:78.2,78.30 1 0
github.com/thewholedonuts-beep/wholedonuts-universe/cmd/funnel-deploy/main.go:78.30,80.3 1 0
github.com/thewholedonuts-beep/wholedonuts-universe/cmd/funnel-deploy/main.go:82.2,82.30 1 0
github.com/thewholedonuts-beep/wholedonuts-universe/cmd/funnel-deploy/main.go:82.30,84.3 1 0
github.com/thewholedonuts-beep/wholedonuts-universe/cmd/funnel-deploy/main.go:86.2,86.12 1 0
github.com/thewholedonuts-beep/wholedonuts-universe/cmd/funnel-deploy/main.go:89.92,91.16 2 0
github.com/thewholedonuts-beep/wholedonuts-universe/cmd/funnel-deploy/main.go:91.16,93.3 1 0
github.com/thewholedonuts-beep/wholedonuts-universe/cmd/funnel-deploy/main.go:95.2,96.54 2 0
github.com/thewholedonuts-beep/wholedonuts-universe/cmd/funnel-deploy/main.go:96.54,98.3 1 0
github.com/thewholedonuts-beep/wholedonuts-universe/cmd/funnel-deploy/main.go:100.2,104.35 3 0
github.com/thewholedonuts-beep/wholedonuts-universe/cmd/funnel-deploy/main.go:104.35,105.27 1 0
github.com/thewholedonuts-beep/wholedonuts-universe/cmd/funnel-deploy/main.go:105.27,107.18 2 0
github.com/thewholedonuts-beep/wholedonuts-universe/cmd/funnel-deploy/main.go:107.18,109.13 2 0
github.com/thewholedonuts-beep/wholedonuts-universe/cmd/funnel-deploy/main.go:111.4,111.77 1 0
github.com/thewholedonuts-beep/wholedonuts-universe/cmd/funnel-deploy/main.go:116.2,117.50 2 0
github.com/thewholedonuts-beep/wholedonuts-universe/cmd/funnel-deploy/main.go:117.50,118.35 1 0
github.com/thewholedonuts-beep/wholedonuts-universe/cmd/funnel-deploy/main.go:118.35,132.18 3 0
github.com/thewholedonuts-beep/wholedonuts-universe/cmd/funnel-deploy/main.go:132.18,134.13 2 0
github.com/thewholedonuts-beep/wholedonuts-universe/cmd/funnel-deploy/main.go:136.4,136.56 1 0
github.com/thewholedonuts-beep/wholedonuts-universe/cmd/funnel-deploy/main.go:140.2,141.12 2 0
github.com/thewholedonuts-beep/wholedonuts-universe/cmd/funnel-deploy/main.go:144.65,147.23 3 0
github.com/thewholedonuts-beep/wholedonuts-universe/cmd/funnel-deploy/main.go:147.23,150.3 2 0
github.com/thewholedonuts-beep/wholedonuts-universe/cmd/funnel-deploy/main.go:151.2,151.28 1 0
github.com/thewholedonuts-beep/wholedonuts-universe/cmd/funnel-deploy/main.go:151.28,159.3 7 0
github.com/thewholedonuts-beep/wholedonuts-universe/cmd/network-orchestrator/main.go:35.66,42.2 1 0
github.com/thewholedonuts-beep/wholedonuts-universe/cmd/network-orchestrator/main.go:44.130,60.36 6 0
github.com/thewholedonuts-beep/wholedonuts-universe/cmd/network-orchestrator/main.go:60.36,62.22 2 0
github.com/thewholedonuts-beep/wholedonuts-universe/cmd/network-orchestrator/main.go:62.22,64.18 2 0
github.com/thewholedonuts-beep/wholedonuts-universe/cmd/network-orchestrator/main.go:64.18,66.5 1 0
github.com/thewholedonuts-beep/wholedonuts-universe/cmd/network-orchestrator/main.go:66.10,68.5 1 0
github.com/thewholedonuts-beep/wholedonuts-universe/cmd/network-orchestrator/main.go:72.2,74.21 3 0
github.com/thewholedonuts-beep/wholedonuts-universe/cmd/network-orchestrator/main.go:77.140,82.13 4 0
github.com/thewholedonuts-beep/wholedonuts-universe/cmd/network-orchestrator/main.go:82.13,84.3 1 0
github.com/thewholedonuts-beep/wholedonuts-universe/cmd/network-orchestrator/main.go:86.2,92.41 5 0
github.com/thewholedonuts-beep/wholedonuts-universe/cmd/network-orchestrator/main.go:92.41,94.51 1 0
github.com/thewholedonuts-beep/wholedonuts-universe/cmd/network-orchestrator/main.go:94.51,95.12 1 0
github.com/thewholedonuts-beep/wholedonuts-universe/cmd/network-orchestrator/main.go:98.3,99.21 2 0
github.com/thewholedonuts-beep/wholedonuts-universe/cmd/network-orchestrator/main.go:99.21,110.18 5 0
github.com/thewholedonuts-beep/wholedonuts-universe/cmd/network-orchestrator/main.go:110.18,112.5 1 0
github.com/thewholedonuts-beep/wholedonuts-universe/cmd/network-orchestrator/main.go:112.10,114.5 1 0
github.com/thewholedonuts-beep/wholedonuts-universe/cmd/network-orchestrator/main.go:118.2,121.29 3 0
github.com/thewholedonuts-beep/wholedonuts-universe/cmd/network-orchestrator/main.go:121.29,122.17 1 0
github.com/thewholedonuts-beep/wholedonuts-universe/cmd/network-orchestrator/main.go:122.17,124.4 1 0
github.com/thewholedonuts-beep/wholedonuts-universe/cmd/network-orchestrator/main.go:124.9,126.4 1 0
github.com/thewholedonuts-beep/wholedonuts-universe/cmd/network-orchestrator/main.go:129.2,131.12 3 0
github.com/thewholedonuts-beep/wholedonuts-universe/cmd/network-orchestrator/main.go:134.69,139.13 4 0
github.com/thewholedonuts-beep/wholedonuts-universe/cmd/network-orchestrator/main.go:139.13,141.3 1 0
github.com/thewholedonuts-beep/wholedonuts-universe/cmd/network-orchestrator/main.go:143.2,144.43 2 0
github.com/thewholedonuts-beep/wholedonuts-universe/cmd/network-orchestrator/main.go:144.43,146.3 1 0
github.com/thewholedonuts-beep/wholedonuts-universe/cmd/network-orchestrator/main.go:147.2,149.12 3 0
github.com/thewholedonuts-beep/wholedonuts-universe/cmd/network-orchestrator/main.go:152.71,157.13 4 0
github.com/thewholedonuts-beep/wholedonuts-universe/cmd/network-orchestrator/main.go:157.13,159.3 1 0
github.com/thewholedonuts-beep/wholedonuts-universe/cmd/network-orchestrator/main.go:161.2,162.43 2 0
github.com/thewholedonuts-beep/wholedonuts-universe/cmd/network-orchestrator/main.go:162.43,164.3 1 0
github.com/thewholedonuts-beep/wholedonuts-universe/cmd/network-orchestrator/main.go:165.2,167.12 3 0
github.com/thewholedonuts-beep/wholedonuts-universe/cmd/network-orchestrator/main.go:170.65,174.2 3 0
github.com/thewholedonuts-beep/wholedonuts-universe/cmd/network-orchestrator/main.go:176.86,181.13 4 0
github.com/thewholedonuts-beep/wholedonuts-universe/cmd/network-orchestrator/main.go:181.13,183.3 1 0
github.com/thewholedonuts-beep/wholedonuts-universe/cmd/network-orchestrator/main.go:185.2,191.3 1 0
github.com/thewholedonuts-beep/wholedonuts-universe/cmd/network-orchestrator/main.go:194.70,200.16 5 0
github.com/thewholedonuts-beep/wholedonuts-universe/cmd/network-orchestrator/main.go:200.16,202.3 1 0
github.com/thewholedonuts-beep/wholedonuts-universe/cmd/network-orchestrator/main.go:204.2,204.43 1 0
github.com/thewholedonuts-beep/wholedonuts-universe/cmd/network-orchestrator/main.go:207.46,210.44 3 0
github.com/thewholedonuts-beep/wholedonuts-universe/cmd/network-orchestrator/main.go:210.44,211.27 1 0
github.com/thewholedonuts-beep/wholedonuts-universe/cmd/network-orchestrator/main.go:211.27,214.9 3 0
github.com/thewholedonuts-beep/wholedonuts-universe/cmd/network-orchestrator/main.go:217.2,217.29 1 0
github.com/thewholedonuts-beep/wholedonuts-universe/cmd/network-orchestrator/main.go:217.29,219.3 1 0
github.com/thewholedonuts-beep/wholedonuts-universe/cmd/network-orchestrator/main.go:220.2,220.14 1 0
github.com/thewholedonuts-beep/wholedonuts-universe/cmd/network-orchestrator/main.go:223.13,237.39 3 0
github.com/thewholedonuts-beep/wholedonuts-universe/cmd/network-orchestrator/main.go:237.39,239.3 1 0
github.com/thewholedonuts-beep/wholedonuts-universe/cmd/network-orchestrator/main.go:241.2,244.18 3 0
github.com/thewholedonuts-beep/wholedonuts-universe/cmd/network-orchestrator/main.go:245.24,246.43 1 0
github.com/thewholedonuts-beep/wholedonuts-universe/cmd/network-orchestrator/main.go:246.43,248.4 1 0
github.com/thewholedonuts-beep/wholedonuts-universe/cmd/network-orchestrator/main.go:249.3,251.17 3 0
github.com/thewholedonuts-beep/wholedonuts-universe/cmd/network-orchestrator/main.go:251.17,253.4 1 0
github.com/thewholedonuts-beep/wholedonuts-universe/cmd/network-orchestrator/main.go:255.23,256.84 1 0
github.com/thewholedonuts-beep/wholedonuts-universe/cmd/network-orchestrator/main.go:256.84,258.4 1 0
github.com/thewholedonuts-beep/wholedonuts-universe/cmd/network-orchestrator/main.go:259.3,260.17 2 0
github.com/thewholedonuts-beep/wholedonuts-universe/cmd/network-orchestrator/main.go:260.17,262.4 1 0
github.com/thewholedonuts-beep/wholedonuts-universe/cmd/network-orchestrator/main.go:264.18,265.25 1 0
github.com/thewholedonuts-beep/wholedonuts-universe/cmd/network-orchestrator/main.go:265.25,267.4 1 0
github.com/thewholedonuts-beep/wholedonuts-universe/cmd/network-orchestrator/main.go:268.3,269.17 2 0
github.com/thewholedonuts-beep/wholedonuts-universe/cmd/network-orchestrator/main.go:269.17,271.4 1 0
github.com/thewholedonuts-beep/wholedonuts-universe/cmd/network-orchestrator/main.go:273.20,274.25 1 0
github.com/thewholedonuts-beep/wholedonuts-universe/cmd/network-orchestrator/main.go:274.25,276.4 1 0
github.com/thewholedonuts-beep/wholedonuts-universe/cmd/network-orchestrator/main.go:277.3,278.17 2 0
github.com/thewholedonuts-beep/wholedonuts-universe/cmd/network-orchestrator/main.go:278.17,280.4 1 0
github.com/thewholedonuts-beep/wholedonuts-universe/cmd/network-orchestrator/main.go:282.14,285.25 3 0
github.com/thewholedonuts-beep/wholedonuts-universe/cmd/network-orchestrator/main.go:285.25,288.4 2 0
github.com/thewholedonuts-beep/wholedonuts-universe/cmd/network-orchestrator/main.go:289.3,289.35 1 0
github.com/thewholedonuts-beep/wholedonuts-universe/cmd/network-orchestrator/main.go:289.35,294.4 4 0
github.com/thewholedonuts-beep/wholedonuts-universe/cmd/network-orchestrator/main.go:296.15,297.25 1 0
github.com/thewholedonuts-beep/wholedonuts-universe/cmd/network-orchestrator/main.go:297.25,299.4 1 0
github.com/thewholedonuts-beep/wholedonuts-universe/cmd/network-orchestrator/main.go:300.3,301.19 2 0
github.com/thewholedonuts-beep/wholedonuts-universe/cmd/network-orchestrator/main.go:301.19,303.4 1 0
github.com/thewholedonuts-beep/wholedonuts-universe/cmd/network-orchestrator/main.go:304.3,305.27 2 0
github.com/thewholedonuts-beep/wholedonuts-universe/cmd/network-orchestrator/main.go:305.27,307.4 1 0
github.com/thewholedonuts-beep/wholedonuts-universe/cmd/network-orchestrator/main.go:309.10,310.15 1 0
github.com/thewholedonuts-beep/wholedonuts-universe/cmd/network-orchestrator/main.go:314.49,317.38 3 0
github.com/thewholedonuts-beep/wholedonuts-universe/cmd/network-orchestrator/main.go:317.38,318.26 1 0
github.com/thewholedonuts-beep/wholedonuts-universe/cmd/network-orchestrator/main.go:318.26,319.21 1 0
github.com/thewholedonuts-beep/wholedonuts-universe/cmd/network-orchestrator/main.go:319.21,321.5 1 0
github.com/thewholedonuts-beep/wholedonuts-universe/cmd/network-orchestrator/main.go:322.4,322.16 1 0
github.com/thewholedonuts-beep/wholedonuts-universe/cmd/network-orchestrator/main.go:323.9,323.33 1 0
github.com/thewholedonuts-beep/wholedonuts-universe/cmd/network-orchestrator/main.go:323.33,325.4 1 0
github.com/thewholedonuts-beep/wholedonuts-universe/cmd/network-orchestrator/main.go:327.2,327.19 1 0
github.com/thewholedonuts-beep/wholedonuts-universe/cmd/network-orchestrator/main.go:327.19,329.3 1 0
github.com/thewholedonuts-beep/wholedonuts-universe/cmd/network-orchestrator/main.go:330.2,330.16 1 0
github.com/thewholedonuts-beep/wholedonuts-universe/examples/setup-funnels.go:12.13,25.16 5 0
github.com/thewholedonuts-beep/wholedonuts-universe/examples/setup-funnels.go:25.16,27.3 1 0
github.com/thewholedonuts-beep/wholedonuts-universe/examples/setup-funnels.go:28.2,31.16 3 0
github.com/thewholedonuts-beep/wholedonuts-universe/examples/setup-funnels.go:31.16,33.3 1 0
github.com/thewholedonuts-beep/wholedonuts-universe/examples/setup-funnels.go:34.2,37.16 3 0
github.com/thewholedonuts-beep/wholedonuts-universe/examples/setup-funnels.go:37.16,39.3 1 0
github.com/thewholedonuts-beep/wholedonuts-universe/examples/setup-funnels.go:40.2,59.16 5 0
github.com/thewholedonuts-beep/wholedonuts-universe/examples/setup-funnels.go:59.16,61.3 1 0
github.com/thewholedonuts-beep/wholedonuts-universe/examples/setup-funnels.go:62.2,81.16 5 0
github.com/thewholedonuts-beep/wholedonuts-universe/examples/setup-funnels.go:81.16,83.3 1 0
github.com/thewholedonuts-beep/wholedonuts-universe/examples/setup-funnels.go:84.2,103.16 5 0
github.com/thewholedonuts-beep/wholedonuts-universe/examples/setup-funnels.go:103.16,105.3 1 0
github.com/thewholedonuts-beep/wholedonuts-universe/examples/setup-funnels.go:106.2,112.16 4 0
github.com/thewholedonuts-beep/wholedonuts-universe/examples/setup-funnels.go:112.16,114.3 1 0
github.com/thewholedonuts-beep/wholedonuts-universe/examples/setup-funnels.go:116.2,117.16 2 0
github.com/thewholedonuts-beep/wholedonuts-universe/examples/setup-funnels.go:117.16,119.3 1 0
github.com/thewholedonuts-beep/wholedonuts-universe/examples/setup-funnels.go:121.2,122.16 2 0
github.com/thewholedonuts-beep/wholedonuts-universe/examples/setup-funnels.go:122.16,124.3 1 0
github.com/thewholedonuts-beep/wholedonuts-universe/examples/setup-funnels.go:127.2,129.28 3 0
github.com/thewholedonuts-beep/wholedonuts-universe/examples/setup-funnels.go:129.28,136.3 6 0
github.com/thewholedonuts-beep/wholedonuts-universe/examples/setup-funnels.go:139.2,141.16 3 0
github.com/thewholedonuts-beep/wholedonuts-universe/examples/setup-funnels.go:141.16,143.3 1 0
github.com/thewholedonuts-beep/wholedonuts-universe/examples/setup-funnels.go:143.8,144.29 1 0
github.com/thewholedonuts-beep/wholedonuts-universe/examples/setup-funnels.go:144.29,145.21 1 0
github.com/thewholedonuts-beep/wholedonuts-universe/examples/setup-funnels.go:145.21,147.5 1 0
github.com/thewholedonuts-beep/wholedonuts-universe/cmd/scaling-orchestrator/main.go:29.76,34.2 1 0
github.com/thewholedonuts-beep/wholedonuts-universe/cmd/scaling-orchestrator/main.go:36.173,51.2 6 0
github.com/thewholedonuts-beep/wholedonuts-universe/cmd/scaling-orchestrator/main.go:53.95,58.13 4 0
github.com/thewholedonuts-beep/wholedonuts-universe/cmd/scaling-orchestrator/main.go:58.13,60.3 1 0
github.com/thewholedonuts-beep/wholedonuts-universe/cmd/scaling-orchestrator/main.go:62.2,72.56 9 0
github.com/thewholedonuts-beep/wholedonuts-universe/cmd/scaling-orchestrator/main.go:72.56,74.22 2 0
github.com/thewholedonuts-beep/wholedonuts-universe/cmd/scaling-orchestrator/main.go:74.22,75.12 1 0
github.com/thewholedonuts-beep/wholedonuts-universe/cmd/scaling-orchestrator/main.go:79.3,80.17 2 0
github.com/thewholedonuts-beep/wholedonuts-universe/cmd/scaling-orchestrator/main.go:80.17,82.4 1 0
github.com/thewholedonuts-beep/wholedonuts-universe/cmd/scaling-orchestrator/main.go:85.3,85.75 1 0
github.com/thewholedonuts-beep/wholedonuts-universe/cmd/scaling-orchestrator/main.go:85.75,88.47 2 0
github.com/thewholedonuts-beep/wholedonuts-universe/cmd/scaling-orchestrator/main.go:88.47,101.19 6 0
github.com/thewholedonuts-beep/wholedonuts-universe/cmd/scaling-orchestrator/main.go:101.19,103.6 1 0
github.com/thewholedonuts-beep/wholedonuts-universe/cmd/scaling-orchestrator/main.go:103.11,108.6 4 0
github.com/thewholedonuts-beep/wholedonuts-universe/cmd/scaling-orchestrator/main.go:113.2,117.29 4 0
github.com/thewholedonuts-beep/wholedonuts-universe/cmd/scaling-orchestrator/main.go:117.29,118.17 1 0
github.com/thewholedonuts-beep/wholedonuts-universe/cmd/scaling-orchestrator/main.go:118.17,121.4 2 0
github.com/thewholedonuts-beep/wholedonuts-universe/cmd/scaling-orchestrator/main.go:124.2,125.12 2 0
github.com/thewholedonuts-beep/wholedonuts-universe/cmd/scaling-orchestrator/main.go:128.88,141.16 4 0
github.com/thewholedonuts-beep/wholedonuts-universe/cmd/scaling-orchestrator/main.go:141.16,144.3 2 0
github.com/thewholedonuts-beep/wholedonuts-universe/cmd/scaling-orchestrator/main.go:144.8,146.3 1 0
github.com/thewholedonuts-beep/wholedonuts-universe/cmd/scaling-orchestrator/main.go:148.2,149.21 2 0
github.com/thewholedonuts-beep/wholedonuts-universe/cmd/scaling-orchestrator/main.go:152.46,155.44 3 0
github.com/thewholedonuts-beep/wholedonuts-universe/cmd/scaling-orchestrator/main.go:155.44,156.27 1 0
github.com/thewholedonuts-beep/wholedonuts-universe/cmd/scaling-orchestrator/main.go:156.27,159.9 3 0
github.com/thewholedonuts-beep/wholedonuts-universe/cmd/scaling-orchestrator/main.go:162.2,162.29 1 0
github.com/thewholedonuts-beep/wholedonuts-universe/cmd/scaling-orchestrator/main.go:162.29,164.3 1 0
github.com/thewholedonuts-beep/wholedonuts-universe/cmd/scaling-orchestrator/main.go:165.2,165.14 1 0
github.com/thewholedonuts-beep/wholedonuts-universe/cmd/scaling-orchestrator/main.go:168.13,177.39 3 0
github.com/thewholedonuts-beep/wholedonuts-universe/cmd/scaling-orchestrator/main.go:177.39,179.3 1 0
github.com/thewholedonuts-beep/wholedonuts-universe/cmd/scaling-orchestrator/main.go:181.2,184.18 3 0
github.com/thewholedonuts-beep/wholedonuts-universe/cmd/scaling-orchestrator/main.go:185.15,186.22 1 0
github.com/thewholedonuts-beep/wholedonuts-universe/cmd/scaling-orchestrator/main.go:186.22,188.4 1 0
github.com/thewholedonuts-beep/wholedonuts-universe/cmd/scaling-orchestrator/main.go:189.3,190.17 2 0
github.com/thewholedonuts-beep/wholedonuts-universe/cmd/scaling-orchestrator/main.go:190.17,192.4 1 0
github.com/thewholedonuts-beep/wholedonuts-universe/cmd/scaling-orchestrator/main.go:194.22,196.46 2 0
github.com/thewholedonuts-beep/wholedonuts-universe/cmd/scaling-orchestrator/main.go:198.25,200.55 2 0
github.com/thewholedonuts-beep/wholedonuts-universe/cmd/scaling-orchestrator/main.go:200.55,205.4 4 0
github.com/thewholedonuts-beep/wholedonuts-universe/cmd/scaling-orchestrator/main.go:206.3,206.28 1 0
github.com/thewholedonuts-beep/wholedonuts-universe/cmd/scaling-orchestrator/main.go:208.10,209.15 1 0
github.com/thewholedonuts-beep/wholedonuts-universe/pkg/domains/config.go:37.51,39.16 2 0
github.com/thewholedonuts-beep/wholedonuts-universe/pkg/domains/config.go:39.16,41.3 1 0
github.com/thewholedonuts-beep/wholedonuts-universe/pkg/domains/config.go:43.2,44.51 2 0
github.com/thewholedonuts-beep/wholedonuts-universe/pkg/domains/config.go:44.51,46.3 1 0
github.com/thewholedonuts-beep/wholedonuts-universe/pkg/domains/config.go:48.2,48.18 1 0
github.com/thewholedonuts-beep/wholedonuts-universe/pkg/domains/config.go:52.40,53.27 1 0
github.com/thewholedonuts-beep/wholedonuts-universe/pkg/domains/config.go:53.27,55.3 1 0
github.com/thewholedonuts-beep/wholedonuts-universe/pkg/domains/config.go:57.2,57.27 1 0
github.com/thewholedonuts-beep/wholedonuts-universe/pkg/domains/config.go:57.27,59.3 1 0
github.com/thewholedonuts-beep/wholedonuts-universe/pkg/domains/config.go:62.2,62.44 1 0
github.com/thewholedonuts-beep/wholedonuts-universe/pkg/domains/config.go:62.44,63.26 1 0
github.com/thewholedonuts-beep/wholedonuts-universe/pkg/domains/config.go:63.26,65.4 1 0
github.com/thewholedonuts-beep/wholedonuts-universe/pkg/domains/config.go:66.3,66.28 1 0
github.com/thewholedonuts-beep/wholedonuts-universe/pkg/domains/config.go:66.28,68.4 1 0
github.com/thewholedonuts-beep/wholedonuts-universe/pkg/domains/config.go:71.2,71.12 1 0
github.com/thewholedonuts-beep/wholedonuts-universe/pkg/domains/manager.go:52.52,60.2 1 0
github.com/thewholedonuts-beep/wholedonuts-universe/pkg/domains/manager.go:63.85,68.16 3 0
github.com/thewholedonuts-beep/wholedonuts-universe/pkg/domains/manager.go:68.16,70.3 1 0
github.com/thewholedonuts-beep/wholedonuts-universe/pkg/domains/manager.go:73.2,74.16 2 0
github.com/thewholedonuts-beep/wholedonuts-universe/pkg/domains/manager.go:74.16,76.3 1 0
github.com/thewholedonuts-beep/wholedonuts-universe/pkg/domains/manager.go:78.2,88.20 3 0
github.com/thewholedonuts-beep/wholedonuts-universe/pkg/domains/manager.go:92.149,94.13 2 0
github.com/thewholedonuts-beep/wholedonuts-universe/pkg/domains/manager.go:94.13,96.3 1 0
github.com/thewholedonuts-beep/wholedonuts-universe/pkg/domains/manager.go:98.2,130.29 3 0
github.com/thewholedonuts-beep/wholedonuts-universe/pkg/domains/manager.go:130.29,132.17 2 0
github.com/thewholedonuts-beep/wholedonuts-universe/pkg/domains/manager.go:132.17,134.4 1 0
github.com/thewholedonuts-beep/wholedonuts-universe/pkg/domains/manager.go:135.3,136.112 2 0
github.com/thewholedonuts-beep/wholedonuts-universe/pkg/domains/manager.go:139.2,142.20 3 0
github.com/thewholedonuts-beep/wholedonuts-universe/pkg/domains/manager.go:146.119,155.16 3 0
github.com/thewholedonuts-beep/wholedonuts-universe/pkg/domains/manager.go:155.16,157.3 1 0
github.com/thewholedonuts-beep/wholedonuts-universe/pkg/domains/manager.go:159.2,159.35 1 0
github.com/thewholedonuts-beep/wholedonuts-universe/pkg/domains/manager.go:163.97,165.13 2 0
github.com/thewholedonuts-beep/wholedonuts-universe/pkg/domains/manager.go:165.13,167.3 1 0
github.com/thewholedonuts-beep/wholedonuts-universe/pkg/domains/manager.go:169.2,170.18 2 0
github.com/thewholedonuts-beep/wholedonuts-universe/pkg/domains/manager.go:171.17,172.33 1 0
github.com/thewholedonuts-beep/wholedonuts-universe/pkg/domains/manager.go:173.18,174.30 1 0
github.com/thewholedonuts-beep/wholedonuts-universe/pkg/domains/manager.go:175.22,176.34 1 0
github.com/thewholedonuts-beep/wholedonuts-universe/pkg/domains/manager.go:177.10,178.57 1 0
github.com/thewholedonuts-beep/wholedonuts-universe/pkg/domains/manager.go:182.2,183.16 2 0
github.com/thewholedonuts-beep/wholedonuts-universe/pkg/domains/manager.go:183.16,185.3 1 0
github.com/thewholedonuts-beep/wholedonuts-universe/pkg/domains/manager.go:187.2,188.28 2 0
github.com/thewholedonuts-beep/wholedonuts-universe/pkg/domains/manager.go:188.28,189.26 1 0
github.com/thewholedonuts-beep/wholedonuts-universe/pkg/domains/manager.go:189.26,191.9 2 0
github.com/thewholedonuts-beep/wholedonuts-universe/pkg/domains/manager.go:195.2,195.19 1 0
github.com/thewholedonuts-beep/wholedonuts-universe/pkg/domains/manager.go:195.19,197.3 1 0
github.com/thewholedonuts-beep/wholedonuts-universe/pkg/domains/manager.go:200.2,208.16 3 0
github.com/thewholedonuts-beep/wholedonuts-universe/pkg/domains/manager.go:208.16,210.3 1 0
github.com/thewholedonuts-beep/wholedonuts-universe/pkg/domains/manager.go:212.2,213.12 2 0
github.com/thewholedonuts-beep/wholedonuts-universe/pkg/domains/manager.go:217.63,219.13 2 0
github.com/thewholedonuts-beep/wholedonuts-universe/pkg/domains/manager.go:219.13,221.3 1 0
github.com/thewholedonuts-beep/wholedonuts-universe/pkg/domains/manager.go:222.2,222.20 1 0
github.com/thewholedonuts-beep/wholedonuts-universe/pkg/domains/manager.go:226.52,228.2 1 0
github.com/thewholedonuts-beep/wholedonuts-universe/pkg/domains/manager.go:231.52,233.2 1 0
github.com/thewholedonuts-beep/wholedonuts-universe/pkg/domains/manager.go:236.98,238.16 2 0
github.com/thewholedonuts-beep/wholedonuts-universe/pkg/domains/manager.go:238.16,240.3 1 0
github.com/thewholedonuts-beep/wholedonuts-universe/pkg/domains/manager.go:241.2,241.21 1 0
github.com/thewholedonuts-beep/wholedonuts-universe/pkg/domains/manager.go:245.90,247.13 2 0
github.com/thewholedonuts-beep/wholedonuts-universe/pkg/domains/manager.go:247.13,249.3 1 0
github.com/thewholedonuts-beep/wholedonuts-universe/pkg/domains/manager.go:251.2,252.18 2 0
github.com/thewholedonuts-beep/wholedonuts-universe/pkg/domains/manager.go:253.17,254.33 1 0
github.com/thewholedonuts-beep/wholedonuts-universe/pkg/domains/manager.go:255.18,256.30 1 0
github.com/thewholedonuts-beep/wholedonuts-universe/pkg/domains/manager.go:257.22,258.34 1 0
github.com/thewholedonuts-beep/wholedonuts-universe/pkg/domains/manager.go:259.10,260.57 1 0
github.com/thewholedonuts-beep/wholedonuts-universe/pkg/domains/manager.go:264.2,265.16 2 0
github.com/thewholedonuts-beep/wholedonuts-universe/pkg/domains/manager.go:265.16,267.3 1 0
github.com/thewholedonuts-beep/wholedonuts-universe/pkg/domains/manager.go:269.2,270.28 2 0
github.com/thewholedonuts-beep/wholedonuts-universe/pkg/domains/manager.go:270.28,271.26 1 0
github.com/thewholedonuts-beep/wholedonuts-universe/pkg/domains/manager.go:271.26,273.9 2 0
github.com/thewholedonuts-beep/wholedonuts-universe/pkg/domains/manager.go:277.2,277.19 1 0
github.com/thewholedonuts-beep/wholedonuts-universe/pkg/domains/manager.go:277.19,279.3 1 0
github.com/thewholedonuts-beep/wholedonuts-universe/pkg/domains/manager.go:281.2,282.16 2 0
github.com/thewholedonuts-beep/wholedonuts-universe/pkg/domains/manager.go:282.16,284.3 1 0
github.com/thewholedonuts-beep/wholedonuts-universe/pkg/domains/manager.go:286.2,287.12 2 0
github.com/thewholedonuts-beep/wholedonuts-universe/pkg/domains/manager.go:291.95,293.2 1 0
github.com/thewholedonuts-beep/wholedonuts-universe/pkg/domains/manager.go:296.57,298.13 2 0
github.com/thewholedonuts-beep/wholedonuts-universe/pkg/domains/manager.go:298.13,300.3 1 0
github.com/thewholedonuts-beep/wholedonuts-universe/pkg/domains/manager.go:301.2,303.12 3 0
github.com/thewholedonuts-beep/wholedonuts-universe/pkg/domains/manager.go:307.59,309.13 2 0
github.com/thewholedonuts-beep/wholedonuts-universe/pkg/domains/manager.go:309.13,311.3 1 0
github.com/thewholedonuts-beep/wholedonuts-universe/pkg/domains/manager.go:312.2,314.12 3 0
